<?xml version="1.0" encoding="UTF-8"?>
<!-- Generated by org.testng.reporters.JUnitReportReporter -->
<testsuite skipped="0" hostname="NH-INNOVATION" name="FrameworkScratch.ValidateTitle" tests="1" failures="0" timestamp="25 May 2019 04:37:32 GMT" time="0.092" errors="0">
  <testcase name="homeURL" time="0.092" classname="FrameworkScratch.ValidateTitle"/>
</testsuite> <!-- FrameworkScratch.ValidateTitle -->
