<?xml version="1.0" encoding="UTF-8"?>
<!-- Generated by org.testng.reporters.JUnitReportReporter -->
<testsuite skipped="0" hostname="NH-INNOVATION" name="FrameworkScratch.Login" tests="1" failures="0" timestamp="29 Apr 2019 02:52:51 GMT" time="13.856" errors="0">
  <testcase name="homeURL" time="13.856" classname="FrameworkScratch.Login"/>
</testsuite> <!-- FrameworkScratch.Login -->
