<?xml version="1.0" encoding="UTF-8"?>
<!-- Generated by org.testng.reporters.JUnitReportReporter -->
<testsuite skipped="0" hostname="NH-INNOVATION" name="FrameworkScratch.homePage" tests="1" failures="0" timestamp="28 Apr 2019 01:57:59 GMT" time="14.305" errors="0">
  <testcase name="homeURL" time="14.305" classname="FrameworkScratch.homePage"/>
</testsuite> <!-- FrameworkScratch.homePage -->
