<?xml version="1.0" encoding="UTF-8"?>
<!-- Generated by org.testng.reporters.JUnitReportReporter -->
<testsuite skipped="0" hostname="NH-INNOVATION" name="FrameworkScratch.LoginTest" tests="2" failures="0" timestamp="25 May 2019 04:37:32 GMT" time="30.713" errors="0">
  <testcase name="homeURL" time="22.915" classname="FrameworkScratch.LoginTest"/>
  <testcase name="homeURL" time="7.798" classname="FrameworkScratch.LoginTest"/>
</testsuite> <!-- FrameworkScratch.LoginTest -->
