<?xml version="1.0" encoding="UTF-8"?>
<!-- Generated by org.testng.reporters.JUnitReportReporter -->
<testsuite skipped="0" hostname="NH-INNOVATION" name="FrameworkScratch.LoginTest" tests="2" failures="0" timestamp="21 May 2019 01:39:36 GMT" time="21.273" errors="0">
  <testcase name="homeURL" time="12.543" classname="FrameworkScratch.LoginTest"/>
  <testcase name="homeURL" time="8.730" classname="FrameworkScratch.LoginTest"/>
</testsuite> <!-- FrameworkScratch.LoginTest -->
