<?xml version="1.0" encoding="UTF-8"?>
<!-- Generated by org.testng.reporters.JUnitReportReporter -->
<testsuite skipped="0" hostname="NH-INNOVATION" name="CucumberOptions.TestRunner" tests="2" failures="0" timestamp="31 May 2019 02:16:34 GMT" time="39.153" errors="0">
  <testcase name="runScenario" time="20.617" classname="CucumberOptions.TestRunner"/>
  <testcase name="runScenario" time="18.536" classname="CucumberOptions.TestRunner"/>
</testsuite> <!-- CucumberOptions.TestRunner -->
